c:\users\igmadmin\documents\github\crossplatformengine\crossplatformmain\x64\debug\vc141.pdb
c:\users\igmadmin\documents\github\crossplatformengine\crossplatformmain\x64\debug\vc141.idb
c:\users\igmadmin\documents\github\crossplatformengine\crossplatformmain\x64\debug\main.obj
c:\users\igmadmin\documents\github\crossplatformengine\crossplatformmain\x64\debug\irenderer.obj
c:\users\igmadmin\documents\github\crossplatformengine\crossplatformmain\x64\debug\input.obj
c:\users\igmadmin\documents\github\crossplatformengine\crossplatformmain\x64\debug\imesh.obj
c:\users\igmadmin\documents\github\crossplatformengine\crossplatformmain\x64\debug\imaterial.obj
c:\users\igmadmin\documents\github\crossplatformengine\crossplatformmain\x64\debug\ientity.obj
c:\users\igmadmin\documents\github\crossplatformengine\crossplatformmain\x64\debug\icamera.obj
c:\users\igmadmin\documents\github\crossplatformengine\crossplatformmain\x64\debug\iaudio.obj
c:\users\igmadmin\documents\github\crossplatformengine\crossplatformmain\x64\debug\game.obj
c:\users\igmadmin\documents\github\crossplatformengine\x64\debug\crossplatformmain.exe
c:\users\igmadmin\documents\github\crossplatformengine\x64\debug\crossplatformmain.ilk
c:\users\igmadmin\documents\github\crossplatformengine\x64\debug\crossplatformmain.pdb
c:\users\igmadmin\documents\github\crossplatformengine\crossplatformmain\x64\debug\crosspla.bc016818.tlog\cl.command.1.tlog
c:\users\igmadmin\documents\github\crossplatformengine\crossplatformmain\x64\debug\crosspla.bc016818.tlog\cl.read.1.tlog
c:\users\igmadmin\documents\github\crossplatformengine\crossplatformmain\x64\debug\crosspla.bc016818.tlog\cl.write.1.tlog
c:\users\igmadmin\documents\github\crossplatformengine\crossplatformmain\x64\debug\crosspla.bc016818.tlog\link.command.1.tlog
c:\users\igmadmin\documents\github\crossplatformengine\crossplatformmain\x64\debug\crosspla.bc016818.tlog\link.read.1.tlog
c:\users\igmadmin\documents\github\crossplatformengine\crossplatformmain\x64\debug\crosspla.bc016818.tlog\link.write.1.tlog
