d:\grad school\second year\igme 753 - console development\crossplatformengine\commonmain\x64\debug\vc141.pdb
d:\grad school\second year\igme 753 - console development\crossplatformengine\commonmain\x64\debug\vc141.idb
d:\grad school\second year\igme 753 - console development\crossplatformengine\commonmain\x64\debug\main.obj
d:\grad school\second year\igme 753 - console development\crossplatformengine\commonmain\x64\debug\irenderer.obj
d:\grad school\second year\igme 753 - console development\crossplatformengine\commonmain\x64\debug\imesh.obj
d:\grad school\second year\igme 753 - console development\crossplatformengine\commonmain\x64\debug\game.obj
d:\grad school\second year\igme 753 - console development\crossplatformengine\x64\debug\commonmain.exe
d:\grad school\second year\igme 753 - console development\crossplatformengine\x64\debug\commonmain.ilk
d:\grad school\second year\igme 753 - console development\crossplatformengine\x64\debug\commonmain.pdb
c:\users\igmadmin\desktop\crossplatformenginegit\commonmain\x64\debug\game.obj
c:\users\igmadmin\desktop\crossplatformenginegit\commonmain\x64\debug\imesh.obj
c:\users\igmadmin\desktop\crossplatformenginegit\commonmain\x64\debug\irenderer.obj
c:\users\igmadmin\desktop\crossplatformenginegit\commonmain\x64\debug\main.obj
c:\users\igmadmin\desktop\crossplatformenginegit\commonmain\x64\debug\vc141.idb
c:\users\igmadmin\desktop\crossplatformenginegit\commonmain\x64\debug\vc141.pdb
c:\users\igmadmin\desktop\crossplatformenginegit\x64\debug\commonmain.pdb
c:\users\igmadmin\desktop\crossplatformenginegit\x64\debug\commonmain.exe
c:\users\igmadmin\desktop\crossplatformenginegit\x64\debug\commonmain.ilk
c:\users\igmadmin\desktop\crossplatformenginegit\commonmain\x64\debug\commonmain.tlog\cl.command.1.tlog
c:\users\igmadmin\desktop\crossplatformenginegit\commonmain\x64\debug\commonmain.tlog\cl.read.1.tlog
c:\users\igmadmin\desktop\crossplatformenginegit\commonmain\x64\debug\commonmain.tlog\cl.write.1.tlog
c:\users\igmadmin\desktop\crossplatformenginegit\commonmain\x64\debug\commonmain.tlog\link.command.1.tlog
c:\users\igmadmin\desktop\crossplatformenginegit\commonmain\x64\debug\commonmain.tlog\link.read.1.tlog
c:\users\igmadmin\desktop\crossplatformenginegit\commonmain\x64\debug\commonmain.tlog\link.write.1.tlog
