c:\users\igmadmin\desktop\crossplatformenginegit\crossplatformengine\x64\debug\crossplatformengine.pch
c:\users\igmadmin\desktop\crossplatformenginegit\crossplatformengine\x64\debug\vc141.pdb
c:\users\igmadmin\desktop\crossplatformenginegit\crossplatformengine\x64\debug\vc141.idb
c:\users\igmadmin\desktop\crossplatformenginegit\crossplatformengine\x64\debug\stdafx.obj
c:\users\igmadmin\desktop\crossplatformenginegit\crossplatformengine\x64\debug\winrenderer.obj
c:\users\igmadmin\desktop\crossplatformenginegit\crossplatformengine\x64\debug\winmesh.obj
c:\users\igmadmin\desktop\crossplatformenginegit\crossplatformengine\x64\debug\wincanvas.obj
c:\users\igmadmin\desktop\crossplatformenginegit\crossplatformengine\x64\debug\simpleshader.obj
c:\users\igmadmin\desktop\crossplatformenginegit\crossplatformengine\x64\debug\main.obj
c:\users\igmadmin\desktop\crossplatformenginegit\crossplatformengine\x64\debug\irenderer.obj
c:\users\igmadmin\desktop\crossplatformenginegit\crossplatformengine\x64\debug\imesh.obj
c:\users\igmadmin\desktop\crossplatformenginegit\crossplatformengine\x64\debug\game.obj
c:\users\igmadmin\desktop\crossplatformenginegit\x64\debug\pixelshader.cso
c:\users\igmadmin\desktop\crossplatformenginegit\x64\debug\vertexshader.cso
c:\users\igmadmin\desktop\crossplatformenginegit\x64\debug\crossplatformengine.ilk
c:\users\igmadmin\desktop\crossplatformenginegit\x64\debug\crossplatformengine.exe
c:\users\igmadmin\desktop\crossplatformenginegit\x64\debug\crossplatformengine.pdb
d:\crossplatformengine\crossplatformengine\x64\debug\game.obj
d:\crossplatformengine\crossplatformengine\x64\debug\imesh.obj
d:\crossplatformengine\crossplatformengine\x64\debug\irenderer.obj
d:\crossplatformengine\crossplatformengine\x64\debug\main.obj
d:\crossplatformengine\crossplatformengine\x64\debug\simpleshader.obj
d:\crossplatformengine\crossplatformengine\x64\debug\stdafx.obj
d:\crossplatformengine\crossplatformengine\x64\debug\wincanvas.obj
d:\crossplatformengine\crossplatformengine\x64\debug\winmesh.obj
d:\crossplatformengine\crossplatformengine\x64\debug\winrenderer.obj
d:\crossplatformengine\crossplatformengine\x64\debug\crossplatformengine.pch
d:\crossplatformengine\crossplatformengine\x64\debug\vc141.idb
d:\crossplatformengine\crossplatformengine\x64\debug\vc141.pdb
d:\crossplatformengine\x64\debug\crossplatformengine.pdb
d:\crossplatformengine\x64\debug\crossplatformengine.exe
d:\crossplatformengine\x64\debug\crossplatformengine.ilk
d:\crossplatformengine\crossplatformengine\x64\debug\crosspla.802ecdcd.tlog\cl.command.1.tlog
d:\crossplatformengine\crossplatformengine\x64\debug\crosspla.802ecdcd.tlog\cl.read.1.tlog
d:\crossplatformengine\crossplatformengine\x64\debug\crosspla.802ecdcd.tlog\cl.write.1.tlog
d:\crossplatformengine\crossplatformengine\x64\debug\crosspla.802ecdcd.tlog\fxc.command.1.tlog
d:\crossplatformengine\crossplatformengine\x64\debug\crosspla.802ecdcd.tlog\fxc.read.1.tlog
d:\crossplatformengine\crossplatformengine\x64\debug\crosspla.802ecdcd.tlog\fxc.write.1.tlog
d:\crossplatformengine\crossplatformengine\x64\debug\crosspla.802ecdcd.tlog\link.command.1.tlog
d:\crossplatformengine\crossplatformengine\x64\debug\crosspla.802ecdcd.tlog\link.read.1.tlog
d:\crossplatformengine\crossplatformengine\x64\debug\crosspla.802ecdcd.tlog\link.write.1.tlog
