d:\crossplatform engine\crossplatformengine\windowslibrary\x64\debug\windowslibrary.pch
d:\crossplatform engine\crossplatformengine\windowslibrary\x64\debug\windowslibrary.pdb
d:\crossplatform engine\crossplatformengine\windowslibrary\x64\debug\windowslibrary.idb
d:\crossplatform engine\crossplatformengine\windowslibrary\x64\debug\stdafx.obj
d:\crossplatform engine\crossplatformengine\windowslibrary\x64\debug\irenderer.obj
d:\crossplatform engine\crossplatformengine\windowslibrary\x64\debug\imesh.obj
d:\crossplatform engine\crossplatformengine\windowslibrary\x64\debug\winrenderer.obj
d:\crossplatform engine\crossplatformengine\windowslibrary\x64\debug\winmesh.obj
d:\crossplatform engine\crossplatformengine\windowslibrary\x64\debug\simpleshader.obj
d:\crossplatform engine\crossplatformengine\crossplatformmain\pixelshader.cso
d:\crossplatform engine\crossplatformengine\crossplatformmain\vertexshader.cso
d:\crossplatform engine\crossplatformengine\crossplatformmain\windowslibrary.lib
d:\crossplatform engine\crossplatformengine\crossplatformmain\windowslibrary.pdb
d:\crossplatform engine\crossplatformengine\windowslibrary\x64\debug\windowslibrary.tlog\cl.command.1.tlog
d:\crossplatform engine\crossplatformengine\windowslibrary\x64\debug\windowslibrary.tlog\cl.read.1.tlog
d:\crossplatform engine\crossplatformengine\windowslibrary\x64\debug\windowslibrary.tlog\cl.write.1.tlog
d:\crossplatform engine\crossplatformengine\windowslibrary\x64\debug\windowslibrary.tlog\fxc.command.1.tlog
d:\crossplatform engine\crossplatformengine\windowslibrary\x64\debug\windowslibrary.tlog\fxc.read.1.tlog
d:\crossplatform engine\crossplatformengine\windowslibrary\x64\debug\windowslibrary.tlog\fxc.write.1.tlog
d:\crossplatform engine\crossplatformengine\windowslibrary\x64\debug\windowslibrary.tlog\lib-link.read.1.tlog
d:\crossplatform engine\crossplatformengine\windowslibrary\x64\debug\windowslibrary.tlog\lib-link.write.1.tlog
d:\crossplatform engine\crossplatformengine\windowslibrary\x64\debug\windowslibrary.tlog\lib.command.1.tlog
